ADictionaryBravo/app/build/outputs/logs/manifest-merger-debug-report.txt
-- Merging decision tree log ---
manifest
ADDED from src\main\AndroidManifest.xml:2:1-23:12
INJECTED from src\main\AndroidManifest.xml:2:1-23:12
INJECTED from src\main\AndroidManifest.xml:2:1-23:12
INJECTED from src\main\AndroidManifest.xml:2:1-23:12
MERGED from [com.android.support:appcompat-v7:27.1.0] AndroidManifest.xml:17:1-22:12
MERGED from [android.arch.persistence.room:runtime:1.0.0] AndroidManifest.xml:17:1-24:12
MERGED from [com.android.support:support-fragment:27.1.0] AndroidManifest.xml:17:1-22:12
MERGED from [com.android.support:animated-vector-drawable:27.1.0] AndroidManifest.xml:17:1-22:12
MERGED from [com.android.support:support-vector-drawable:27.1.0] AndroidManifest.xml:17:1-22:12
MERGED from [android.arch.persistence:db-framework:1.0.0] AndroidManifest.xml:17:1-24:12
MERGED from [android.arch.persistence:db:1.0.0] AndroidManifest.xml:17:1-24:12
MERGED from [com.android.support:support-core-ui:27.1.0] AndroidManifest.xml:17:1-22:12
MERGED from [com.android.support:support-core-utils:27.1.0] AndroidManifest.xml:17:1-22:12
MERGED from [com.android.support:support-compat:27.1.0] AndroidManifest.xml:17:1-22:12
MERGED from [android.arch.lifecycle:livedata-core:1.1.0] AndroidManifest.xml:17:1-22:12
MERGED from [android.arch.core:runtime:1.1.0] AndroidManifest.xml:17:1-22:12
MERGED from [android.arch.lifecycle:runtime:1.1.0] AndroidManifest.xml:17:1-22:12
MERGED from [android.arch.lifecycle:viewmodel:1.1.0] AndroidManifest.xml:17:1-22:12
INJECTED from src\main\AndroidManifest.xml:2:1-23:12
INJECTED from src\main\AndroidManifest.xml:2:1-23:12
INJECTED from src\main\AndroidManifest.xml:2:1-23:12
	package
		ADDED from src\main\AndroidManifest.xml:2:11-42
		INJECTED from src\main\AndroidManifest.xml
		INJECTED from src\main\AndroidManifest.xml
	android:versionName
		INJECTED from src\main\AndroidManifest.xml
		ADDED from src\main\AndroidManifest.xml:2:1-23:12
		INJECTED from src\main\AndroidManifest.xml
	android:versionCode
		INJECTED from src\main\AndroidManifest.xml
		ADDED from src\main\AndroidManifest.xml:2:1-23:12
		INJECTED from src\main\AndroidManifest.xml
	xmlns:android
		ADDED from src\main\AndroidManifest.xml:3:3-61
uses-permission#android.permission.INTERNET
ADDED from src\main\AndroidManifest.xml:5:3-65
	android:name
		ADDED from src\main\AndroidManifest.xml:5:20-62
application
ADDED from src\main\AndroidManifest.xml:7:3-21:17
	android:supportsRtl
		ADDED from src\main\AndroidManifest.xml:12:5-31
	android:label
		ADDED from src\main\AndroidManifest.xml:10:5-46
	android:roundIcon
		ADDED from src\main\AndroidManifest.xml:11:5-50
	android:icon
		ADDED from src\main\AndroidManifest.xml:9:5-39
	android:allowBackup
		ADDED from src\main\AndroidManifest.xml:8:5-31
	android:theme
		ADDED from src\main\AndroidManifest.xml:13:5-36
activity#ayds.dictionary.bravo.fulllogic.MainActivity
ADDED from src\main\AndroidManifest.xml:14:5-20:16
	android:name
		ADDED from src\main\AndroidManifest.xml:14:15-53
intent-filter#action:name:android.intent.action.MAIN+category:name:android.intent.category.LAUNCHER
ADDED from src\main\AndroidManifest.xml:15:7-19:23
action#android.intent.action.MAIN
ADDED from src\main\AndroidManifest.xml:16:9-61
	android:name
		ADDED from src\main\AndroidManifest.xml:16:17-58
category#android.intent.category.LAUNCHER
ADDED from src\main\AndroidManifest.xml:18:9-69
	android:name
		ADDED from src\main\AndroidManifest.xml:18:19-66
uses-sdk
INJECTED from src\main\AndroidManifest.xml reason: use-sdk injection requested
INJECTED from src\main\AndroidManifest.xml
INJECTED from src\main\AndroidManifest.xml
MERGED from [com.android.support:appcompat-v7:27.1.0] AndroidManifest.xml:20:5-44
MERGED from [com.android.support:appcompat-v7:27.1.0] AndroidManifest.xml:20:5-44
MERGED from [android.arch.persistence.room:runtime:1.0.0] AndroidManifest.xml:20:5-22:41
MERGED from [android.arch.persistence.room:runtime:1.0.0] AndroidManifest.xml:20:5-22:41
MERGED from [com.android.support:support-fragment:27.1.0] AndroidManifest.xml:20:5-44
MERGED from [com.android.support:support-fragment:27.1.0] AndroidManifest.xml:20:5-44
MERGED from [com.android.support:animated-vector-drawable:27.1.0] AndroidManifest.xml:20:5-44
MERGED from [com.android.support:animated-vector-drawable:27.1.0] AndroidManifest.xml:20:5-44
MERGED from [com.android.support:support-vector-drawable:27.1.0] AndroidManifest.xml:20:5-44
MERGED from [com.android.support:support-vector-drawable:27.1.0] AndroidManifest.xml:20:5-44
MERGED from [android.arch.persistence:db-framework:1.0.0] AndroidManifest.xml:20:5-22:41
MERGED from [android.arch.persistence:db-framework:1.0.0] AndroidManifest.xml:20:5-22:41
MERGED from [android.arch.persistence:db:1.0.0] AndroidManifest.xml:20:5-22:41
MERGED from [android.arch.persistence:db:1.0.0] AndroidManifest.xml:20:5-22:41
MERGED from [com.android.support:support-core-ui:27.1.0] AndroidManifest.xml:20:5-44
MERGED from [com.android.support:support-core-ui:27.1.0] AndroidManifest.xml:20:5-44
MERGED from [com.android.support:support-core-utils:27.1.0] AndroidManifest.xml:20:5-44
MERGED from [com.android.support:support-core-utils:27.1.0] AndroidManifest.xml:20:5-44
MERGED from [com.android.support:support-compat:27.1.0] AndroidManifest.xml:20:5-44
MERGED from [com.android.support:support-compat:27.1.0] AndroidManifest.xml:20:5-44
MERGED from [android.arch.lifecycle:livedata-core:1.1.0] AndroidManifest.xml:20:5-44
MERGED from [android.arch.lifecycle:livedata-core:1.1.0] AndroidManifest.xml:20:5-44
MERGED from [android.arch.core:runtime:1.1.0] AndroidManifest.xml:20:5-44
MERGED from [android.arch.core:runtime:1.1.0] AndroidManifest.xml:20:5-44
MERGED from [android.arch.lifecycle:runtime:1.1.0] AndroidManifest.xml:20:5-44
MERGED from [android.arch.lifecycle:runtime:1.1.0] AndroidManifest.xml:20:5-44
MERGED from [android.arch.lifecycle:viewmodel:1.1.0] AndroidManifest.xml:20:5-44
MERGED from [android.arch.lifecycle:viewmodel:1.1.0] AndroidManifest.xml:20:5-44
INJECTED from src\main\AndroidManifest.xml
INJECTED from src\main\AndroidManifest.xml
	android:targetSdkVersion
		INJECTED from src\main\AndroidManifest.xml
		ADDED from src\main\AndroidManifest.xml
		INJECTED from src\main\AndroidManifest.xml
	android:minSdkVersion
		INJECTED from src\main\AndroidManifest.xml
		ADDED from src\main\AndroidManifest.xml
		INJECTED from src\main\AndroidManifest.xml